vk	rutube.ru	7330961
vk	apii.ru	7230586
vk	axisworld.co	4500090
vk	axisworlds.me	4496251
vk	pikabu.ru	3353546
vk	tvzavr.ru	2909927
vk	ria.ru	2301713
vk	life.ru	2288108
vk	ondom2.com	2190773
vk	thequestion.ru	1960558
facebook	brightside.me	31592586
facebook	haberturk.com	28590009
facebook	genial.guru	21712480
facebook	sozcu.com.tr	18203030
facebook	adme.ru	16340859
facebook	incrivel.club	13883799
facebook	perfecto.guru	10763323
facebook	ntv.com.tr	8933585
facebook	onlinemegax.com	8099215
facebook	today.it	6634137
odnoklassniki	megatest.online	5474156
odnoklassniki	axisworld.me	4235528
odnoklassniki	axisworld.pro	4234413
odnoklassniki	axisworld.co	2525972
odnoklassniki	axisworlds.me	2521142
odnoklassniki	otkritkiok.ru	1975857
odnoklassniki	oktools.ru	1791750
odnoklassniki	dushadevushki.club	1623939
odnoklassniki	playcast.ru	1322164
odnoklassniki	bonprix.ru	551901
twitter	haberturk.com	4133804
twitter	ntv.com.tr	3265201
twitter	cnnturk.com	1288492
twitter	mobil.hurriyet.com.tr	1124958
twitter	cumhuriyet.com.tr	1068042
twitter	onedio.ru	1063878
twitter	actualidad.rt.com	803542
twitter	life.ru	681870
twitter	ntvspor.net	578535
twitter	haber7.com	454597
reddit	prnt.sc	118926
reddit	postimg.org	39880
reddit	rt.com	29444
reddit	onlinemegax.com	27432
reddit	skytraf.xyz	17470
reddit	brightside.me	14143
reddit	bddatabase.net	12960
reddit	xsessions.org	9402
reddit	txxx.com	8942
reddit	warthunder.com	8637
