ad99cbf101b075aacb,470a39ee01f18ae534,8f9225b5014c76fc4d,2e88f837014aa6017d,a42e0b7202e2003eb3	
243cb1390293d2cc8c,37d5e5f40259779091,3d83d583023e576a85	
c2ba91b7027527186a,75a5ae4502ff23d555,b532a640013cd3aa20,a0a3d44b02545ac9a0	
a56baf8802af16c327,c559a0ca01c6eac282,5c292b6802bb786a36,10543707023ca61137	
e4c61d2f02f4e71eed	
28a7556101e328727f,8dfa3d3d0242872439,c157ee5a02e0b7cdb1,b273d3fd021e9e7d8f,99bdef1402ea604e99	
38847797029ab3e262	
e0909e3a021778b1bd	
32aa5124027d2492fd,099e3e9001eb9027d6,2310c6ca02cd038ebd,b8b32e6d02443f37b8,d308e86202e0da0b4b	
a1f66ab30155e8a007,ad772ff9027faabad7,38f03cb502869a1f59,876c45120262c10750	
970be55701a6e9aae3,b71af060010d0dbda3,c8ca220202db966d4b	
5a98b6dc01f3556e39,780a9d1301e24d9ab2,6f8ea42a0239267c41,a6bcee51013525aced,18295b9b021dd9edde	
81ce516102c6b11ee7,b043689c026d7a58fa,9657ffb4011f1a8d8f,bd89aafa01983af81f,554c416f017b74dd43	
87d58d0d01125c5322,a47134e00218f5dbc7,7df3f7de013a3f0207	
0c871573015d915c4b,57446c8d0225f1cd0c,8aec179c020b2585c5,3f11c45502c534c3b8,687da811013df19274	
1ad322ad029d05bce0,6130cdcb0254be0733,07ede9c9023d5b46e8	
9b5165f60209954f48,d2d56a4401005505ba,bf0cc7bf01a8b5530e,e0eb532202d82c5d55,4692cb7901c1b20527	
40d4432c019347bfff,91518211023359017d,9210565c01b7df68b7	
03866643014f329954,5f2c5aaa02bbbec385,95dc765c0251928c08	
39cd32e90173d6da90,3b2a7b9c0109065235	
c5d2960502b29df787,0f4c8c9c02fee75907	
410bdd2c02177cb6b6,514199030147b05f23,c4429b2b0189d34bdc,a8dca90e013e6a6346	
612629470257c67018	
f3124912016618971a,ce9e5e00026014df08,8f3d21430168afd907,6441395d02e899a3ef,2edeafc20264569bfa	
94e2bea0021bc7e8d8,b550f30b0149718e1d,7d4fa21401b89d7323	
1be7d92301027f44b9	
3a9442f2025dd4239b,83fd5c9501fc01c1ca	
41613cc3021893dd3d,e209aeb90164c107e6	
bddde80001ef07c7d8,588591db0279b4d304	
78a4e13802de51494d,89847c5801c1ded224	
8878fe8902aafa5a18,bb3b2886027277f77b,2c4fc471017926b008,fbbc526201e0b8de04,a5a96d8d01ec5dbbfb	
6891f2f5027d2441d3,2d72b38602ce04310c,83f194330257ab97bc	
00d4129102e3bcd13f,125ee09802c3ee2a0e,1b16bc75023bcfe8ed	
50f4362e02183c90ec,f96eeac402ce49eea5,f8e21e5d01a3f59925	
39cccb320118f6e071,f09fd6e201e431acba,7bccd44802f81a8d83,02d89e560145172264,056d323a01e04e6b14	
d258e70c015a3b10e9,7b68f9d80214da20eb,9ecece7601361c6a68,0b68da4702ec8517b4,f14098ae0260a81669	
88a2f0ab0230eb9beb,6e10b2ef0277d2b628,759402400240232d22,f4cb9dd901f89390d7,c58def9802f0046b71	
222c16ac013e28d4df,7c64dcd102a046f24f	
e127855d01854054a8,23c9999801b7c15f2d,4c9e695d01bbe4a5f6	
2aef51620201d4b7b8,ced0a66302e962567c,28fe1e8f0295daec61,00865b04021a1deecf	
4e1c10d3028f99f5c1,45aded8d02334ef227	
7900c625018109ed55,737fc708010a0011c7	
fb01419e01616f01c2,5e110c130196f7face	
5cbcca900267173d37	
7df898fe028c50e63c,a940a7a601ef250949,de874e4902e932685e,729ead7b011273a9e7	
d0455e35011f13aac4,84f2dd9e02595459d8,038eabae02827e2e4e	
4a2f914b01a2875551,e26fc76a01c04a9cd2,c91beb0001b4e74b18,0ad650530122d21190	
d2f57ee401f571d2f9	
27802d0c029b13d0ab,c4bf6cb402a549bfd6	
ec390e390215973316,ef7c870902dfe52b56,05aafc9d022fece29a,b4523e7d0173d9996f	
